Flow report for mealy1101
Fri Apr 12 11:57:21 2024
Quartus Prime Version 15.1.0 Build 185 10/21/2015 SJ Lite Edition


---------------------
; Table of Contents ;
---------------------
  1. Legal Notice
  2. Flow Summary
  3. Flow Settings
  4. Flow Non-Default Global Settings
  5. Flow Elapsed Time
  6. Flow OS Summary
  7. Flow Log
  8. Flow Messages
  9. Flow Suppressed Messages



----------------
; Legal Notice ;
----------------
Copyright (C) 1991-2015 Altera Corporation. All rights reserved.
Your use of Altera Corporation's design tools, logic functions 
and other software and tools, and its AMPP partner logic 
functions, and any output files from any of the foregoing 
(including device programming or simulation files), and any 
associated documentation or information are expressly subject 
to the terms and conditions of the Altera Program License 
Subscription Agreement, the Altera Quartus Prime License Agreement,
the Altera MegaCore Function License Agreement, or other 
applicable license agreement, including, without limitation, 
that your use is for the sole purpose of programming logic 
devices manufactured by Altera and sold by Altera or its 
authorized distributors.  Please refer to the applicable 
agreement for further details.



+----------------------------------------------------------------------------------+
; Flow Summary                                                                     ;
+------------------------------------+---------------------------------------------+
; Flow Status                        ; Successful - Fri Apr 12 11:57:21 2024       ;
; Quartus Prime Version              ; 15.1.0 Build 185 10/21/2015 SJ Lite Edition ;
; Revision Name                      ; mealy1101                                   ;
; Top-level Entity Name              ; mealy1101                                   ;
; Family                             ; Cyclone IV E                                ;
; Total logic elements               ; 5 / 6,272 ( < 1 % )                         ;
;     Total combinational functions  ; 5 / 6,272 ( < 1 % )                         ;
;     Dedicated logic registers      ; 5 / 6,272 ( < 1 % )                         ;
; Total registers                    ; 5                                           ;
; Total pins                         ; 4 / 92 ( 4 % )                              ;
; Total virtual pins                 ; 0                                           ;
; Total memory bits                  ; 0 / 276,480 ( 0 % )                         ;
; Embedded Multiplier 9-bit elements ; 0 / 30 ( 0 % )                              ;
; Total PLLs                         ; 0 / 2 ( 0 % )                               ;
; Device                             ; EP4CE6E22C6                                 ;
; Timing Models                      ; Final                                       ;
+------------------------------------+---------------------------------------------+


+-----------------------------------------+
; Flow Settings                           ;
+-------------------+---------------------+
; Option            ; Setting             ;
+-------------------+---------------------+
; Start date & time ; 04/12/2024 11:55:19 ;
; Main task         ; Compilation         ;
; Revision Name     ; mealy1101           ;
+-------------------+---------------------+


+---------------------------------------------------------------------------------------------------------------------+
; Flow Non-Default Global Settings                                                                                    ;
+-------------------------------------+--------------------------------+---------------+-------------+----------------+
; Assignment Name                     ; Value                          ; Default Value ; Entity Name ; Section Id     ;
+-------------------------------------+--------------------------------+---------------+-------------+----------------+
; COMPILER_SIGNATURE_ID               ; 49467851741630.171289411923080 ; --            ; --          ; --             ;
; EDA_OUTPUT_DATA_FORMAT              ; Vhdl                           ; --            ; --          ; eda_simulation ;
; EDA_SIMULATION_TOOL                 ; ModelSim-Altera (VHDL)         ; <None>        ; --          ; --             ;
; PARTITION_COLOR                     ; 16764057                       ; --            ; --          ; Top            ;
; PARTITION_FITTER_PRESERVATION_LEVEL ; PLACEMENT_AND_ROUTING          ; --            ; --          ; Top            ;
; PARTITION_NETLIST_TYPE              ; SOURCE                         ; --            ; --          ; Top            ;
; PROJECT_OUTPUT_DIRECTORY            ; output_files                   ; --            ; --          ; --             ;
+-------------------------------------+--------------------------------+---------------+-------------+----------------+


+-------------------------------------------------------------------------------------------------------------------------------+
; Flow Elapsed Time                                                                                                             ;
+---------------------------+--------------+-------------------------+---------------------+------------------------------------+
; Module Name               ; Elapsed Time ; Average Processors Used ; Peak Virtual Memory ; Total CPU Time (on all processors) ;
+---------------------------+--------------+-------------------------+---------------------+------------------------------------+
; Analysis & Synthesis      ; 00:00:07     ; 1.0                     ; 5016 MB             ; 00:00:16                           ;
; Fitter                    ; 00:00:04     ; 1.0                     ; 6696 MB             ; 00:00:04                           ;
; Assembler                 ; 00:00:01     ; 1.0                     ; 4850 MB             ; 00:00:01                           ;
; TimeQuest Timing Analyzer ; 00:00:02     ; 1.0                     ; 5083 MB             ; 00:00:02                           ;
; EDA Netlist Writer        ; 00:00:01     ; 1.0                     ; 4814 MB             ; 00:00:01                           ;
; EDA Netlist Writer        ; 00:00:01     ; 1.0                     ; 4803 MB             ; 00:00:01                           ;
; EDA Netlist Writer        ; 00:00:01     ; 1.0                     ; 4807 MB             ; 00:00:01                           ;
; Total                     ; 00:00:17     ; --                      ; --                  ; 00:00:26                           ;
+---------------------------+--------------+-------------------------+---------------------+------------------------------------+


+----------------------------------------------------------------------------------------+
; Flow OS Summary                                                                        ;
+---------------------------+------------------+-----------+------------+----------------+
; Module Name               ; Machine Hostname ; OS Name   ; OS Version ; Processor type ;
+---------------------------+------------------+-----------+------------+----------------+
; Analysis & Synthesis      ; DESKTOP-S2EJIB1  ; Windows 8 ; 6.2        ; x86_64         ;
; Fitter                    ; DESKTOP-S2EJIB1  ; Windows 8 ; 6.2        ; x86_64         ;
; Assembler                 ; DESKTOP-S2EJIB1  ; Windows 8 ; 6.2        ; x86_64         ;
; TimeQuest Timing Analyzer ; DESKTOP-S2EJIB1  ; Windows 8 ; 6.2        ; x86_64         ;
; EDA Netlist Writer        ; DESKTOP-S2EJIB1  ; Windows 8 ; 6.2        ; x86_64         ;
; EDA Netlist Writer        ; DESKTOP-S2EJIB1  ; Windows 8 ; 6.2        ; x86_64         ;
; EDA Netlist Writer        ; DESKTOP-S2EJIB1  ; Windows 8 ; 6.2        ; x86_64         ;
+---------------------------+------------------+-----------+------------+----------------+


------------
; Flow Log ;
------------
quartus_map --read_settings_files=on --write_settings_files=off mealy1101 -c mealy1101
quartus_fit --read_settings_files=off --write_settings_files=off mealy1101 -c mealy1101
quartus_asm --read_settings_files=off --write_settings_files=off mealy1101 -c mealy1101
quartus_sta mealy1101 -c mealy1101
quartus_eda --read_settings_files=off --write_settings_files=off mealy1101 -c mealy1101
quartus_eda --gen_testbench --tool=modelsim_oem --format=verilog --write_settings_files=off mealy1101 -c mealy1101 --vector_source=C:/gitproject/assembly/VHDL/L1101/Waveform1.vwf --testbench_file=C:/gitproject/assembly/VHDL/L1101/simulation/qsim/Waveform1.vwf.vt
quartus_eda --write_settings_files=off --functional=on --flatten_buses=off --simulation=on --tool=modelsim_oem --format=verilog --output_directory=C:/gitproject/assembly/VHDL/L1101/simulation/qsim/ mealy1101 -c mealy1101



