  Assembling hellow.asm...
hellow.asm(1): error A2008: syntax error : section
hellow.asm(2): error A2034: must be in segment block
hellow.asm(3): error A2034: must be in segment block
hellow.asm(4): error A2034: must be in segment block
hellow.asm(6): error A2008: syntax error : section
hellow.asm(7): error A2008: syntax error : name_and_id
hellow.asm(9): error A2008: syntax error : section
hellow.asm(10): error A2008: syntax error : global
hellow.asm(12): error A2034: must be in segment block
hellow.asm(14): error A2034: must be in segment block
hellow.asm(15): error A2034: must be in segment block
hellow.asm(18): error A2034: must be in segment block
hellow.asm(19): error A2034: must be in segment block
hellow.asm(22): error A2034: must be in segment block
hellow.asm(23): error A2034: must be in segment block
hellow.asm(26): error A2034: must be in segment block
hellow.asm(27): error A2034: must be in segment block
hellow.asm(28): error A2034: must be in segment block
hellow.asm(31): error A2034: must be in segment block
hellow.asm(32): error A2034: must be in segment block
hellow.asm(33): error A2034: must be in segment block
hellow.asm(34): error A2034: must be in segment block
hellow.asm(35): error A2034: must be in segment block
hellow.asm(36): error A2034: must be in segment block
hellow.asm(39): error A2034: must be in segment block
hellow.asm(40): error A2034: must be in segment block
hellow.asm(41): error A2034: must be in segment block
hellow.asm(42): error A2034: must be in segment block
hellow.asm(43): error A2034: must be in segment block
hellow.asm(44): error A2034: must be in segment block
hellow.asm(45): error A2034: must be in segment block
hellow.asm(46): error A2034: must be in segment block
hellow.asm(46): error A2088: END directive required at end of file
C:\Program Files\Microsoft Visual Studio\2022\Community\MSBuild\Microsoft\VC\v170\BuildCustomizations\masm.targets(70,5): error MSB3721: 命令 "ml64.exe /c /nologo /Zi /Fo"ProjectHW\x64\Debug\hellow.obj" /W3 /errorReport:prompt  /Tahellow.asm" 已結束，代碼為 1。
